app/build/intermediates/manifest_merge_blame_file/fossDebug/manifest-merger-blame-foss-debug-report.txt
1<?xml version="1.0" encoding="utf-8"?>
2<manifest xmlns:android="http://schemas.android.com/apk/res/android"
3    package="stock.android.chess"
4    android:installLocation="auto"
5    android:versionCode="194"
6    android:versionName="9.3.12" >
7
8    <uses-sdk
9        android:minSdkVersion="21"
9-->src/main/AndroidManifest.xml
10        android:targetSdkVersion="33" />
10-->src/main/AndroidManifest.xml
11
12    <supports-screens
12-->src/main/AndroidManifest.xml:223:5-227:40
13        android:anyDensity="true"
13-->src/main/AndroidManifest.xml:224:9-34
14        android:largeScreens="true"
14-->src/main/AndroidManifest.xml:225:9-36
15        android:normalScreens="true"
15-->src/main/AndroidManifest.xml:226:9-37
16        android:smallScreens="false" />
16-->src/main/AndroidManifest.xml:227:9-37
17
18    <uses-permission android:name="android.permission.WAKE_LOCK" />
18-->src/main/AndroidManifest.xml:229:5-68
18-->src/main/AndroidManifest.xml:229:22-65
19    <uses-permission android:name="android.permission.FULLSCREEN" />
19-->src/main/AndroidManifest.xml:230:5-69
19-->src/main/AndroidManifest.xml:230:22-66
20    <uses-permission android:name="android.permission.INTERNET" />
20-->src/main/AndroidManifest.xml:231:5-67
20-->src/main/AndroidManifest.xml:231:22-64
21    <uses-permission android:name="android.permission.ACCESS_NETWORK_STATE" />
21-->src/main/AndroidManifest.xml:232:5-79
21-->src/main/AndroidManifest.xml:232:22-76
22    <uses-permission android:name="android.permission.VIBRATE" />
22-->src/main/AndroidManifest.xml:233:5-66
22-->src/main/AndroidManifest.xml:233:22-63
23
24    <uses-feature
24-->src/main/AndroidManifest.xml:234:5-90
25        android:name="android.hardware.touchscreen"
25-->src/main/AndroidManifest.xml:234:19-62
26        android:required="false" />
26-->src/main/AndroidManifest.xml:234:63-87
27    <uses-feature
27-->src/main/AndroidManifest.xml:235:5-87
28        android:name="android.software.leanback"
28-->src/main/AndroidManifest.xml:235:19-59
29        android:required="false" />
29-->src/main/AndroidManifest.xml:235:60-84
30
31    <queries>
31-->[androidx.media:media:1.4.1] AndroidManifest.xml:24:5-28:15
32        <intent>
32-->[androidx.media:media:1.4.1] AndroidManifest.xml:25:9-27:18
33            <action android:name="android.media.browse.MediaBrowserService" />
33-->[androidx.media:media:1.4.1] AndroidManifest.xml:26:13-79
33-->[androidx.media:media:1.4.1] AndroidManifest.xml:26:21-76
34        </intent>
35    </queries>
36
37    <permission
37-->[androidx.core:core:1.9.0] AndroidManifest.xml:22:5-24:47
38        android:name="stock.android.chess.DYNAMIC_RECEIVER_NOT_EXPORTED_PERMISSION"
38-->[androidx.core:core:1.9.0] AndroidManifest.xml:23:9-81
39        android:protectionLevel="signature" />
39-->[androidx.core:core:1.9.0] AndroidManifest.xml:24:9-44
40
41    <uses-permission android:name="stock.android.chess.DYNAMIC_RECEIVER_NOT_EXPORTED_PERMISSION" />
41-->[androidx.core:core:1.9.0] AndroidManifest.xml:26:5-97
41-->[androidx.core:core:1.9.0] AndroidManifest.xml:26:22-94
42
43    <application
43-->src/main/AndroidManifest.xml:8:5-222:19
44        android:name="android.app.Application"
44-->src/main/AndroidManifest.xml:9:9-47
45        android:appComponentFactory="androidx.core.app.CoreComponentFactory"
45-->[androidx.core:core:1.9.0] AndroidManifest.xml:28:18-86
46        android:banner="@drawable/ic_feature"
46-->src/main/AndroidManifest.xml:13:9-46
47        android:debuggable="true"
48        android:icon="@drawable/ic_logo"
48-->src/main/AndroidManifest.xml:10:9-41
49        android:label="@string/app_name"
49-->src/main/AndroidManifest.xml:11:9-41
50        android:testOnly="true"
51        android:theme="@style/ChessTheme" >
51-->src/main/AndroidManifest.xml:12:9-42
52        <service
52-->src/main/AndroidManifest.xml:14:9-101
53            android:name="stock.android.chess.ics.ICSServer"
53-->src/main/AndroidManifest.xml:14:18-66
54            android:exported="true" />
54-->src/main/AndroidManifest.xml:14:67-90
55        <service
55-->src/main/AndroidManifest.xml:15:9-107
56            android:name="stock.android.chess.tools.ImportService"
56-->src/main/AndroidManifest.xml:15:18-72
57            android:exported="true" />
57-->src/main/AndroidManifest.xml:15:73-96
58
59        <activity
59-->src/main/AndroidManifest.xml:16:9-33:20
60            android:name="stock.android.chess.start"
60-->src/main/AndroidManifest.xml:17:13-53
61            android:configChanges="orientation"
61-->src/main/AndroidManifest.xml:20:13-48
62            android:exported="true"
62-->src/main/AndroidManifest.xml:21:13-36
63            android:label="@string/app_name"
63-->src/main/AndroidManifest.xml:18:13-45
64            android:theme="@style/ChessStart" >
64-->src/main/AndroidManifest.xml:19:13-46
65            <intent-filter>
65-->src/main/AndroidManifest.xml:22:13-25:29
66                <action android:name="android.intent.action.MAIN" />
66-->src/main/AndroidManifest.xml:23:17-69
66-->src/main/AndroidManifest.xml:23:25-66
67
68                <category android:name="android.intent.category.LAUNCHER" />
68-->src/main/AndroidManifest.xml:24:17-77
68-->src/main/AndroidManifest.xml:24:27-74
69            </intent-filter>
70            <intent-filter>
70-->src/main/AndroidManifest.xml:26:13-28:29
71                <action android:name="android.intent.action.VIEW" />
71-->src/main/AndroidManifest.xml:27:17-69
71-->src/main/AndroidManifest.xml:27:25-66
72            </intent-filter>
73            <intent-filter>
73-->src/main/AndroidManifest.xml:29:13-32:29
74                <action android:name="android.intent.action.MAIN" />
74-->src/main/AndroidManifest.xml:23:17-69
74-->src/main/AndroidManifest.xml:23:25-66
75
76                <category android:name="android.intent.category.LEANBACK_LAUNCHER" />
76-->src/main/AndroidManifest.xml:31:17-86
76-->src/main/AndroidManifest.xml:31:27-83
77            </intent-filter>
78        </activity>
79        <activity
79-->src/main/AndroidManifest.xml:34:9-42:20
80            android:name="stock.android.chess.ChessPreferences"
80-->src/main/AndroidManifest.xml:35:13-64
81            android:configChanges="orientation"
81-->src/main/AndroidManifest.xml:37:13-48
82            android:exported="true"
82-->src/main/AndroidManifest.xml:38:13-36
83            android:label="@string/globalpreferences" >
83-->src/main/AndroidManifest.xml:36:13-54
84            <meta-data
84-->src/main/AndroidManifest.xml:39:13-41:61
85                android:name="android.support.PARENT_ACTIVITY"
85-->src/main/AndroidManifest.xml:40:17-63
86                android:value="stock.android.chess.start" />
86-->src/main/AndroidManifest.xml:41:17-58
87        </activity>
88        <activity
88-->src/main/AndroidManifest.xml:43:9-47:48
89            android:name="stock.android.chess.HtmlActivity"
89-->src/main/AndroidManifest.xml:44:13-60
90            android:configChanges="orientation"
90-->src/main/AndroidManifest.xml:46:13-48
91            android:exported="true"
91-->src/main/AndroidManifest.xml:47:13-36
92            android:label="@string/app_name_help" />
92-->src/main/AndroidManifest.xml:45:13-50
93        <activity
93-->src/main/AndroidManifest.xml:48:9-56:20
94            android:name="stock.android.chess.activities.GlobalPreferencesActivity"
94-->src/main/AndroidManifest.xml:49:13-84
95            android:configChanges="orientation"
95-->src/main/AndroidManifest.xml:51:13-48
96            android:exported="true"
96-->src/main/AndroidManifest.xml:52:13-36
97            android:label="@string/globalpreferences" >
97-->src/main/AndroidManifest.xml:50:13-54
98            <meta-data
98-->src/main/AndroidManifest.xml:39:13-41:61
99                android:name="android.support.PARENT_ACTIVITY"
99-->src/main/AndroidManifest.xml:40:17-63
100                android:value="stock.android.chess.start" />
100-->src/main/AndroidManifest.xml:41:17-58
101        </activity>
102        <activity
102-->src/main/AndroidManifest.xml:57:9-62:20
103            android:name="stock.android.chess.activities.BoardPreferencesActivity"
103-->src/main/AndroidManifest.xml:58:13-83
104            android:configChanges="orientation"
104-->src/main/AndroidManifest.xml:60:13-48
105            android:exported="true"
105-->src/main/AndroidManifest.xml:61:13-36
106            android:label="@string/globalpreferences" >
106-->src/main/AndroidManifest.xml:59:13-54
107        </activity>
108        <activity
108-->src/main/AndroidManifest.xml:63:9-67:48
109            android:name="stock.android.chess.activities.GamePreferenceActivity"
109-->src/main/AndroidManifest.xml:64:13-81
110            android:configChanges="orientation"
110-->src/main/AndroidManifest.xml:66:13-48
111            android:exported="true"
111-->src/main/AndroidManifest.xml:67:13-36
112            android:label="@string/playpreferences" />
112-->src/main/AndroidManifest.xml:65:13-52
113        <activity
113-->src/main/AndroidManifest.xml:68:9-95:20
114            android:name="stock.android.chess.play.PlayActivity"
114-->src/main/AndroidManifest.xml:69:13-65
115            android:configChanges="orientation"
115-->src/main/AndroidManifest.xml:71:13-48
116            android:exported="true"
116-->src/main/AndroidManifest.xml:72:13-36
117            android:label="@string/app_name_play" >
117-->src/main/AndroidManifest.xml:70:13-50
118            <intent-filter>
118-->src/main/AndroidManifest.xml:26:13-28:29
119                <action android:name="android.intent.action.VIEW" />
119-->src/main/AndroidManifest.xml:27:17-69
119-->src/main/AndroidManifest.xml:27:25-66
120            </intent-filter>
121            <intent-filter>
121-->src/main/AndroidManifest.xml:76:13-80:29
122                <action android:name="android.intent.action.VIEW" />
122-->src/main/AndroidManifest.xml:27:17-69
122-->src/main/AndroidManifest.xml:27:25-66
123
124                <category android:name="android.intent.category.DEFAULT" />
124-->src/main/AndroidManifest.xml:78:17-76
124-->src/main/AndroidManifest.xml:78:27-73
125
126                <data android:mimeType="application/x-chess-pgn" />
126-->src/main/AndroidManifest.xml:79:17-68
126-->src/main/AndroidManifest.xml:79:23-65
127            </intent-filter>
128            <intent-filter>
128-->src/main/AndroidManifest.xml:81:13-85:29
129                <action android:name="android.intent.action.SEND" />
129-->src/main/AndroidManifest.xml:82:17-69
129-->src/main/AndroidManifest.xml:82:25-66
130
131                <category android:name="android.intent.category.DEFAULT" />
131-->src/main/AndroidManifest.xml:78:17-76
131-->src/main/AndroidManifest.xml:78:27-73
132
133                <data android:mimeType="application/x-chess-pgn" />
133-->src/main/AndroidManifest.xml:79:17-68
133-->src/main/AndroidManifest.xml:79:23-65
134            </intent-filter>
135            <intent-filter>
135-->src/main/AndroidManifest.xml:86:13-90:29
136                <action android:name="android.intent.action.SEND" />
136-->src/main/AndroidManifest.xml:82:17-69
136-->src/main/AndroidManifest.xml:82:25-66
137
138                <category android:name="android.intent.category.DEFAULT" />
138-->src/main/AndroidManifest.xml:78:17-76
138-->src/main/AndroidManifest.xml:78:27-73
139
140                <data android:mimeType="application/x-chess-fen" />
140-->src/main/AndroidManifest.xml:79:17-68
140-->src/main/AndroidManifest.xml:79:23-65
141            </intent-filter>
142
143            <meta-data
143-->src/main/AndroidManifest.xml:39:13-41:61
144                android:name="android.support.PARENT_ACTIVITY"
144-->src/main/AndroidManifest.xml:40:17-63
145                android:value="stock.android.chess.start" />
145-->src/main/AndroidManifest.xml:41:17-58
146        </activity>
147        <activity
147-->src/main/AndroidManifest.xml:96:9-112:20
148            android:name="stock.android.chess.setup.SetupActivity"
148-->src/main/AndroidManifest.xml:97:13-67
149            android:configChanges="orientation"
149-->src/main/AndroidManifest.xml:99:13-48
150            android:exported="true"
150-->src/main/AndroidManifest.xml:100:13-36
151            android:label="@string/app_name_setup" >
151-->src/main/AndroidManifest.xml:98:13-51
152            <intent-filter>
152-->src/main/AndroidManifest.xml:26:13-28:29
153                <action android:name="android.intent.action.VIEW" />
153-->src/main/AndroidManifest.xml:27:17-69
153-->src/main/AndroidManifest.xml:27:25-66
154            </intent-filter>
155            <intent-filter>
155-->src/main/AndroidManifest.xml:104:13-108:29
156                <action android:name="android.intent.action.VIEW" />
156-->src/main/AndroidManifest.xml:27:17-69
156-->src/main/AndroidManifest.xml:27:25-66
157
158                <category android:name="android.intent.category.DEFAULT" />
158-->src/main/AndroidManifest.xml:78:17-76
158-->src/main/AndroidManifest.xml:78:27-73
159
160                <data android:mimeType="application/x-chess-fen" />
160-->src/main/AndroidManifest.xml:79:17-68
160-->src/main/AndroidManifest.xml:79:23-65
161            </intent-filter>
162
163            <meta-data
163-->src/main/AndroidManifest.xml:39:13-41:61
164                android:name="android.support.PARENT_ACTIVITY"
164-->src/main/AndroidManifest.xml:40:17-63
165                android:value="stock.android.chess.play.PlayActivity" />
165-->src/main/AndroidManifest.xml:41:17-58
166        </activity>
167        <activity
167-->src/main/AndroidManifest.xml:113:9-124:20
168            android:name="stock.android.chess.GamesListActivity"
168-->src/main/AndroidManifest.xml:114:13-65
169            android:configChanges="orientation"
169-->src/main/AndroidManifest.xml:116:13-48
170            android:exported="true"
170-->src/main/AndroidManifest.xml:117:13-36
171            android:label="@string/app_name_save_games" >
171-->src/main/AndroidManifest.xml:115:13-56
172            <intent-filter>
172-->src/main/AndroidManifest.xml:26:13-28:29
173                <action android:name="android.intent.action.VIEW" />
173-->src/main/AndroidManifest.xml:27:17-69
173-->src/main/AndroidManifest.xml:27:25-66
174            </intent-filter>
175
176            <meta-data
176-->src/main/AndroidManifest.xml:39:13-41:61
177                android:name="android.support.PARENT_ACTIVITY"
177-->src/main/AndroidManifest.xml:40:17-63
178                android:value="stock.android.chess.play.PlayActivity" />
178-->src/main/AndroidManifest.xml:41:17-58
179        </activity>
180        <activity
180-->src/main/AndroidManifest.xml:125:9-136:20
181            android:name="stock.android.chess.puzzle.PuzzleActivity"
181-->src/main/AndroidManifest.xml:126:13-69
182            android:configChanges="orientation"
182-->src/main/AndroidManifest.xml:128:13-48
183            android:exported="true"
183-->src/main/AndroidManifest.xml:129:13-36
184            android:label="@string/app_name" >
184-->src/main/AndroidManifest.xml:127:13-45
185            <intent-filter>
185-->src/main/AndroidManifest.xml:26:13-28:29
186                <action android:name="android.intent.action.VIEW" />
186-->src/main/AndroidManifest.xml:27:17-69
186-->src/main/AndroidManifest.xml:27:25-66
187            </intent-filter>
188
189            <meta-data
189-->src/main/AndroidManifest.xml:39:13-41:61
190                android:name="android.support.PARENT_ACTIVITY"
190-->src/main/AndroidManifest.xml:40:17-63
191                android:value="stock.android.chess.start" />
191-->src/main/AndroidManifest.xml:41:17-58
192        </activity>
193        <activity
193-->src/main/AndroidManifest.xml:137:9-148:20
194            android:name="stock.android.chess.practice.PracticeActivity"
194-->src/main/AndroidManifest.xml:138:13-73
195            android:configChanges="orientation"
195-->src/main/AndroidManifest.xml:140:13-48
196            android:exported="true"
196-->src/main/AndroidManifest.xml:141:13-36
197            android:label="@string/app_name" >
197-->src/main/AndroidManifest.xml:139:13-45
198            <intent-filter>
198-->src/main/AndroidManifest.xml:26:13-28:29
199                <action android:name="android.intent.action.VIEW" />
199-->src/main/AndroidManifest.xml:27:17-69
199-->src/main/AndroidManifest.xml:27:25-66
200            </intent-filter>
201
202            <meta-data
202-->src/main/AndroidManifest.xml:39:13-41:61
203                android:name="android.support.PARENT_ACTIVITY"
203-->src/main/AndroidManifest.xml:40:17-63
204                android:value="stock.android.chess.start" />
204-->src/main/AndroidManifest.xml:41:17-58
205        </activity>
206        <activity
206-->src/main/AndroidManifest.xml:149:9-163:20
207            android:name="stock.android.chess.ics.ICSClient"
207-->src/main/AndroidManifest.xml:150:13-61
208            android:configChanges="orientation"
208-->src/main/AndroidManifest.xml:153:13-48
209            android:exported="true"
209-->src/main/AndroidManifest.xml:156:13-36
210            android:label="@string/app_name_playonline"
210-->src/main/AndroidManifest.xml:151:13-56
211            android:launchMode="singleInstance"
211-->src/main/AndroidManifest.xml:154:13-48
212            android:screenOrientation="locked"
212-->src/main/AndroidManifest.xml:152:13-47
213            android:taskAffinity="" >
213-->src/main/AndroidManifest.xml:155:13-36
214            <intent-filter>
214-->src/main/AndroidManifest.xml:26:13-28:29
215                <action android:name="android.intent.action.VIEW" />
215-->src/main/AndroidManifest.xml:27:17-69
215-->src/main/AndroidManifest.xml:27:25-66
216            </intent-filter>
217
218            <meta-data
218-->src/main/AndroidManifest.xml:39:13-41:61
219                android:name="android.support.PARENT_ACTIVITY"
219-->src/main/AndroidManifest.xml:40:17-63
220                android:value="stock.android.chess.start" />
220-->src/main/AndroidManifest.xml:41:17-58
221        </activity>
222        <activity
222-->src/main/AndroidManifest.xml:164:9-175:20
223            android:name="stock.android.chess.ics.ICSPrefs"
223-->src/main/AndroidManifest.xml:165:13-60
224            android:configChanges="orientation"
224-->src/main/AndroidManifest.xml:167:13-48
225            android:exported="true"
225-->src/main/AndroidManifest.xml:168:13-36
226            android:label="@string/preferences" >
226-->src/main/AndroidManifest.xml:166:13-48
227            <intent-filter>
227-->src/main/AndroidManifest.xml:26:13-28:29
228                <action android:name="android.intent.action.VIEW" />
228-->src/main/AndroidManifest.xml:27:17-69
228-->src/main/AndroidManifest.xml:27:25-66
229            </intent-filter>
230
231            <meta-data
231-->src/main/AndroidManifest.xml:39:13-41:61
232                android:name="android.support.PARENT_ACTIVITY"
232-->src/main/AndroidManifest.xml:40:17-63
233                android:value="stock.android.chess.ics.ICSClient" />
233-->src/main/AndroidManifest.xml:41:17-58
234        </activity>
235        <activity
235-->src/main/AndroidManifest.xml:176:9-187:20
236            android:name="stock.android.chess.ics.CustomCommands"
236-->src/main/AndroidManifest.xml:177:13-66
237            android:configChanges="orientation"
237-->src/main/AndroidManifest.xml:179:13-48
238            android:exported="true"
238-->src/main/AndroidManifest.xml:180:13-36
239            android:label="@string/preferences" >
239-->src/main/AndroidManifest.xml:178:13-48
240            <intent-filter>
240-->src/main/AndroidManifest.xml:26:13-28:29
241                <action android:name="android.intent.action.VIEW" />
241-->src/main/AndroidManifest.xml:27:17-69
241-->src/main/AndroidManifest.xml:27:25-66
242            </intent-filter>
243
244            <meta-data
244-->src/main/AndroidManifest.xml:39:13-41:61
245                android:name="android.support.PARENT_ACTIVITY"
245-->src/main/AndroidManifest.xml:40:17-63
246                android:value="stock.android.chess.ics.ICSPrefs" />
246-->src/main/AndroidManifest.xml:41:17-58
247        </activity>
248        <activity
248-->src/main/AndroidManifest.xml:188:9-199:20
249            android:name="stock.android.chess.tools.AdvancedActivity"
249-->src/main/AndroidManifest.xml:189:13-70
250            android:configChanges="orientation"
250-->src/main/AndroidManifest.xml:191:13-48
251            android:exported="true"
251-->src/main/AndroidManifest.xml:192:13-36
252            android:label="@string/app_name_pgntools" >
252-->src/main/AndroidManifest.xml:190:13-54
253            <intent-filter>
253-->src/main/AndroidManifest.xml:26:13-28:29
254                <action android:name="android.intent.action.VIEW" />
254-->src/main/AndroidManifest.xml:27:17-69
254-->src/main/AndroidManifest.xml:27:25-66
255            </intent-filter>
256
257            <meta-data
257-->src/main/AndroidManifest.xml:39:13-41:61
258                android:name="android.support.PARENT_ACTIVITY"
258-->src/main/AndroidManifest.xml:40:17-63
259                android:value="stock.android.chess.start" />
259-->src/main/AndroidManifest.xml:41:17-58
260        </activity>
261        <activity
261-->src/main/AndroidManifest.xml:200:9-213:20
262            android:name="stock.android.chess.tools.ImportActivity"
262-->src/main/AndroidManifest.xml:201:13-68
263            android:configChanges="orientation"
263-->src/main/AndroidManifest.xml:203:13-48
264            android:exported="true"
264-->src/main/AndroidManifest.xml:204:13-36
265            android:label="@string/app_name_import" >
265-->src/main/AndroidManifest.xml:202:13-52
266            <intent-filter>
266-->src/main/AndroidManifest.xml:26:13-28:29
267                <action android:name="android.intent.action.VIEW" />
267-->src/main/AndroidManifest.xml:27:17-69
267-->src/main/AndroidManifest.xml:27:25-66
268            </intent-filter>
269            <intent-filter>
269-->src/main/AndroidManifest.xml:76:13-80:29
270                <action android:name="android.intent.action.VIEW" />
270-->src/main/AndroidManifest.xml:27:17-69
270-->src/main/AndroidManifest.xml:27:25-66
271
272                <category android:name="android.intent.category.DEFAULT" />
272-->src/main/AndroidManifest.xml:78:17-76
272-->src/main/AndroidManifest.xml:78:27-73
273
274                <data android:mimeType="application/x-chess-pgn" />
274-->src/main/AndroidManifest.xml:79:17-68
274-->src/main/AndroidManifest.xml:79:23-65
275            </intent-filter>
276        </activity>
277
278        <provider
278-->src/main/AndroidManifest.xml:214:9-217:39
279            android:name="stock.android.chess.helpers.MyPGNProvider"
279-->src/main/AndroidManifest.xml:215:13-69
280            android:authorities="stock.android.chess.helpers.MyPGNProvider"
280-->src/main/AndroidManifest.xml:216:13-76
281            android:exported="true" />
281-->src/main/AndroidManifest.xml:217:13-36
282        <provider
282-->src/main/AndroidManifest.xml:218:9-221:39
283            android:name="stock.android.chess.puzzle.MyPuzzleProvider"
283-->src/main/AndroidManifest.xml:219:13-71
284            android:authorities="stock.android.chess.puzzle.MyPuzzleProvider"
284-->src/main/AndroidManifest.xml:220:13-78
285            android:exported="true" />
285-->src/main/AndroidManifest.xml:221:13-36
286        <provider
286-->[androidx.emoji2:emoji2:1.2.0] AndroidManifest.xml:24:9-32:20
287            android:name="androidx.startup.InitializationProvider"
287-->[androidx.emoji2:emoji2:1.2.0] AndroidManifest.xml:25:13-67
288            android:authorities="stock.android.chess.androidx-startup"
288-->[androidx.emoji2:emoji2:1.2.0] AndroidManifest.xml:26:13-68
289            android:exported="false" >
289-->[androidx.emoji2:emoji2:1.2.0] AndroidManifest.xml:27:13-37
290            <meta-data
290-->[androidx.emoji2:emoji2:1.2.0] AndroidManifest.xml:29:13-31:52
291                android:name="androidx.emoji2.text.EmojiCompatInitializer"
291-->[androidx.emoji2:emoji2:1.2.0] AndroidManifest.xml:30:17-75
292                android:value="androidx.startup" />
292-->[androidx.emoji2:emoji2:1.2.0] AndroidManifest.xml:31:17-49
293            <meta-data
293-->[androidx.lifecycle:lifecycle-process:2.4.1] AndroidManifest.xml:31:13-33:52
294                android:name="androidx.lifecycle.ProcessLifecycleInitializer"
294-->[androidx.lifecycle:lifecycle-process:2.4.1] AndroidManifest.xml:32:17-78
295                android:value="androidx.startup" />
295-->[androidx.lifecycle:lifecycle-process:2.4.1] AndroidManifest.xml:33:17-49
296        </provider>
297    </application>
298
299</manifest>